<?xml version="1.0" encoding="UTF-8"?>
<!-- Generated by org.testng.reporters.JUnitXMLReporter -->
<testsuite ignored="10" hostname="DESKTOP-2BP4J25" failures="0" tests="2" name="GoogleVerification" time="12.616" errors="0" timestamp="2021-05-11T19:14:34 IST">
  <testcase classname="GetTitleOfPage" name="verifyGooglePage" time="0.034"/>
  <testcase classname="GetTitleOfPage" name="verifyGooglePage" time="0.011"/>
  <testcase classname="SearchElement" name="searchtInGoogle" time="0.0">
    <ignored/>
  </testcase> <!-- searchtInGoogle -->
  <testcase classname="GetAttributeOfImg" name="getAttributeOfImage" time="0.0">
    <ignored/>
  </testcase> <!-- getAttributeOfImage -->
  <testcase classname="commonBaseTest.BaseTest" name="@AfterSuite closeExtentReports" time="0.0">
    <ignored/>
  </testcase> <!-- @AfterSuite closeExtentReports -->
  <testcase classname="commonBaseTest.BaseTest" name="@AfterSuite closeExtentReports" time="0.0">
    <ignored/>
  </testcase> <!-- @AfterSuite closeExtentReports -->
  <testcase classname="commonBaseTest.BaseTest" name="@BeforeTest initializeTest" time="0.0">
    <ignored/>
  </testcase> <!-- @BeforeTest initializeTest -->
  <testcase classname="commonBaseTest.BaseTest" name="@BeforeTest initializeTest" time="0.0">
    <ignored/>
  </testcase> <!-- @BeforeTest initializeTest -->
  <testcase classname="commonBaseTest.BaseTest" name="@BeforeSuite configureReports" time="0.0">
    <ignored/>
  </testcase> <!-- @BeforeSuite configureReports -->
  <testcase classname="commonBaseTest.BaseTest" name="@BeforeSuite configureReports" time="0.0">
    <ignored/>
  </testcase> <!-- @BeforeSuite configureReports -->
  <testcase classname="commonBaseTest.BaseTest" name="@AfterTest closingSteps" time="0.0">
    <ignored/>
  </testcase> <!-- @AfterTest closingSteps -->
  <testcase classname="commonBaseTest.BaseTest" name="@AfterTest closingSteps" time="0.0">
    <ignored/>
  </testcase> <!-- @AfterTest closingSteps -->
</testsuite> <!-- GoogleVerification -->
